app/build/intermediates/manifest_merge_blame_file/debug/manifest-merger-blame-debug-report.txt
1<?xml version="1.0" encoding="utf-8"?>
2<manifest xmlns:android="http://schemas.android.com/apk/res/android"
3    package="com.m_learning"
4    android:versionCode="1"
5    android:versionName="1.0" >
6
7    <uses-sdk
8        android:minSdkVersion="21"
8-->src\main\AndroidManifest.xml
9        android:targetSdkVersion="32" />
9-->src\main\AndroidManifest.xml
10
11    <uses-feature android:name="android.hardware.camera" />
11-->src\main\AndroidManifest.xml:111:5-60
11-->src\main\AndroidManifest.xml:111:19-57
12    <uses-feature android:name="android.hardware.camera.autofocus" />
12-->src\main\AndroidManifest.xml:113:5-70
12-->src\main\AndroidManifest.xml:113:19-67
13
14    <uses-permission android:name="android.permission.RECORD_AUDIO" />
14-->src\main\AndroidManifest.xml:114:5-71
14-->src\main\AndroidManifest.xml:114:22-68
15    <uses-permission android:name="android.permission.INTERNET" />
15-->src\main\AndroidManifest.xml:115:5-67
15-->src\main\AndroidManifest.xml:115:22-64
16    <uses-permission android:name="android.permission.ACCESS_NETWORK_STATE" />
16-->src\main\AndroidManifest.xml:116:5-79
16-->src\main\AndroidManifest.xml:116:22-76
17    <uses-permission android:name="android.permission.CAMERA" />
17-->src\main\AndroidManifest.xml:117:5-65
17-->src\main\AndroidManifest.xml:117:22-62
18    <uses-permission android:name="android.permission.WRITE_EXTERNAL_STORAGE" />
18-->src\main\AndroidManifest.xml:118:5-120:40
18-->src\main\AndroidManifest.xml:119:9-65
19    <uses-permission android:name="android.permission.READ_EXTERNAL_STORAGE" />
19-->src\main\AndroidManifest.xml:122:5-80
19-->src\main\AndroidManifest.xml:122:22-77
20    <uses-permission android:name="android.permission.WAKE_LOCK" /> <!-- Required by older versions of Google Play services to create IID tokens -->
20-->[com.google.firebase:firebase-iid:21.0.0] AndroidManifest.xml:24:5-68
20-->[com.google.firebase:firebase-iid:21.0.0] AndroidManifest.xml:24:22-65
21    <uses-permission android:name="com.google.android.c2dm.permission.RECEIVE" />
21-->[com.google.firebase:firebase-iid:21.0.0] AndroidManifest.xml:26:5-82
21-->[com.google.firebase:firebase-iid:21.0.0] AndroidManifest.xml:26:22-79
22    <uses-permission android:name="com.google.android.gms.permission.AD_ID" />
22-->[com.google.android.gms:play-services-measurement-api:21.0.0] AndroidManifest.xml:25:5-79
22-->[com.google.android.gms:play-services-measurement-api:21.0.0] AndroidManifest.xml:25:22-76
23    <uses-permission android:name="com.google.android.finsky.permission.BIND_GET_INSTALL_REFERRER_SERVICE" /> <!-- Android package visibility setting -->
23-->[com.google.android.gms:play-services-measurement:21.0.0] AndroidManifest.xml:26:5-110
23-->[com.google.android.gms:play-services-measurement:21.0.0] AndroidManifest.xml:26:22-107
24    <queries>
24-->[com.google.android.gms:play-services-ads-lite:20.6.0] AndroidManifest.xml:28:5-44:15
25
26        <!-- For browser content -->
27        <intent>
27-->[com.google.android.gms:play-services-ads-lite:20.6.0] AndroidManifest.xml:31:9-37:18
28            <action android:name="android.intent.action.VIEW" />
28-->[com.google.firebase:firebase-auth:21.0.3] AndroidManifest.xml:34:17-69
28-->[com.google.firebase:firebase-auth:21.0.3] AndroidManifest.xml:34:25-66
29
30            <category android:name="android.intent.category.BROWSABLE" />
30-->[com.google.firebase:firebase-auth:21.0.3] AndroidManifest.xml:37:17-78
30-->[com.google.firebase:firebase-auth:21.0.3] AndroidManifest.xml:37:27-75
31
32            <data android:scheme="https" />
32-->[com.google.firebase:firebase-auth:21.0.3] AndroidManifest.xml:39:17-42:51
32-->[com.google.firebase:firebase-auth:21.0.3] AndroidManifest.xml:42:21-48
33        </intent>
34        <!-- End of browser content -->
35        <!-- For CustomTabsService -->
36        <intent>
36-->[com.google.android.gms:play-services-ads-lite:20.6.0] AndroidManifest.xml:40:9-42:18
37            <action android:name="android.support.customtabs.action.CustomTabsService" />
37-->[com.google.android.gms:play-services-ads-lite:20.6.0] AndroidManifest.xml:41:13-90
37-->[com.google.android.gms:play-services-ads-lite:20.6.0] AndroidManifest.xml:41:21-87
38        </intent>
39        <!-- End of CustomTabsService -->
40    </queries>
41
42    <uses-permission android:name="android.permission.RECEIVE_BOOT_COMPLETED" />
42-->[androidx.work:work-runtime:2.7.0] AndroidManifest.xml:27:5-81
42-->[androidx.work:work-runtime:2.7.0] AndroidManifest.xml:27:22-78
43    <uses-permission android:name="android.permission.FOREGROUND_SERVICE" />
43-->[androidx.work:work-runtime:2.7.0] AndroidManifest.xml:28:5-77
43-->[androidx.work:work-runtime:2.7.0] AndroidManifest.xml:28:22-74
44
45    <application
45-->src\main\AndroidManifest.xml:6:5-110:19
46        android:name="com.m_learning.utils.MLearningApp"
46-->src\main\AndroidManifest.xml:7:9-43
47        android:allowBackup="false"
47-->src\main\AndroidManifest.xml:8:9-36
48        android:appComponentFactory="androidx.core.app.CoreComponentFactory"
48-->[androidx.core:core:1.7.0] AndroidManifest.xml:24:18-86
49        android:debuggable="true"
50        android:hardwareAccelerated="true"
50-->src\main\AndroidManifest.xml:9:9-43
51        android:icon="@mipmap/ic_launcher_round"
51-->src\main\AndroidManifest.xml:10:9-49
52        android:label="@string/app_name"
52-->src\main\AndroidManifest.xml:11:9-41
53        android:requestLegacyExternalStorage="true"
53-->src\main\AndroidManifest.xml:12:9-52
54        android:roundIcon="@mipmap/ic_launcher_round"
54-->src\main\AndroidManifest.xml:13:9-54
55        android:supportsRtl="true"
55-->src\main\AndroidManifest.xml:14:9-35
56        android:theme="@style/AppTheme" >
56-->src\main\AndroidManifest.xml:15:9-40
57        <activity
57-->src\main\AndroidManifest.xml:18:9-20:40
58            android:name="com.m_learning.feature.profile.EditProfileActivity"
58-->src\main\AndroidManifest.xml:19:13-64
59            android:exported="false" />
59-->src\main\AndroidManifest.xml:20:13-37
60        <activity
60-->src\main\AndroidManifest.xml:21:9-23:40
61            android:name="com.m_learning.feature.lectures.AddAssignmentActivity"
61-->src\main\AndroidManifest.xml:22:13-67
62            android:exported="false" />
62-->src\main\AndroidManifest.xml:23:13-37
63        <activity
63-->src\main\AndroidManifest.xml:24:9-26:40
64            android:name="com.m_learning.feature.lectures.LecturesActivity"
64-->src\main\AndroidManifest.xml:25:13-62
65            android:exported="false" />
65-->src\main\AndroidManifest.xml:26:13-37
66        <activity
66-->src\main\AndroidManifest.xml:27:9-29:40
67            android:name="com.m_learning.feature.lecture.LectureDetailsActivity"
67-->src\main\AndroidManifest.xml:28:13-67
68            android:exported="false" />
68-->src\main\AndroidManifest.xml:29:13-37
69        <activity
69-->src\main\AndroidManifest.xml:30:9-32:40
70            android:name="com.m_learning.feature.lecture.AddLectureActivity"
70-->src\main\AndroidManifest.xml:31:13-63
71            android:exported="false" />
71-->src\main\AndroidManifest.xml:32:13-37
72        <activity
72-->src\main\AndroidManifest.xml:33:9-35:40
73            android:name="com.m_learning.feature.courses.AddCourseActivity"
73-->src\main\AndroidManifest.xml:34:13-62
74            android:exported="false" />
74-->src\main\AndroidManifest.xml:35:13-37
75        <activity
75-->src\main\AndroidManifest.xml:36:9-38:40
76            android:name="com.m_learning.feature.courses.CourseDetailsActivity"
76-->src\main\AndroidManifest.xml:37:13-66
77            android:exported="false" />
77-->src\main\AndroidManifest.xml:38:13-37
78        <activity
78-->src\main\AndroidManifest.xml:39:9-41:40
79            android:name="com.m_learning.feature.profile.ProfileActivity"
79-->src\main\AndroidManifest.xml:40:13-60
80            android:exported="false" />
80-->src\main\AndroidManifest.xml:41:13-37
81        <activity
81-->src\main\AndroidManifest.xml:42:9-44:40
82            android:name="com.m_learning.feature.notifications.NotificationsActivity"
82-->src\main\AndroidManifest.xml:43:13-72
83            android:exported="false" />
83-->src\main\AndroidManifest.xml:44:13-37
84        <activity
84-->src\main\AndroidManifest.xml:45:9-47:40
85            android:name="com.m_learning.feature.messages.view.MessagesActivity"
85-->src\main\AndroidManifest.xml:46:13-67
86            android:exported="false" />
86-->src\main\AndroidManifest.xml:47:13-37
87        <activity
87-->src\main\AndroidManifest.xml:48:9-50:40
88            android:name="com.m_learning.feature.profile.ForgetPasswordActivity"
88-->src\main\AndroidManifest.xml:49:13-67
89            android:exported="false" />
89-->src\main\AndroidManifest.xml:50:13-37
90        <activity
90-->src\main\AndroidManifest.xml:51:9-59:20
91            android:name="com.m_learning.feature.general.SplashActivity"
91-->src\main\AndroidManifest.xml:52:13-59
92            android:exported="true" >
92-->src\main\AndroidManifest.xml:53:13-36
93            <intent-filter>
93-->src\main\AndroidManifest.xml:54:13-58:29
94                <action android:name="android.intent.action.MAIN" />
94-->src\main\AndroidManifest.xml:55:17-69
94-->src\main\AndroidManifest.xml:55:25-66
95
96                <category android:name="android.intent.category.LAUNCHER" />
96-->src\main\AndroidManifest.xml:57:17-77
96-->src\main\AndroidManifest.xml:57:27-74
97            </intent-filter>
98        </activity>
99        <activity
99-->src\main\AndroidManifest.xml:60:9-62:40
100            android:name="com.m_learning.feature.lecturerHome.LecturerMainActivity"
100-->src\main\AndroidManifest.xml:61:13-70
101            android:exported="false" />
101-->src\main\AndroidManifest.xml:62:13-37
102        <activity
102-->src\main\AndroidManifest.xml:63:9-66:50
103            android:name="com.m_learning.feature.studentMain.MainActivity"
103-->src\main\AndroidManifest.xml:64:13-61
104            android:exported="false"
104-->src\main\AndroidManifest.xml:65:13-37
105            android:hardwareAccelerated="true" />
105-->src\main\AndroidManifest.xml:66:13-47
106        <activity
106-->src\main\AndroidManifest.xml:67:9-69:40
107            android:name="com.m_learning.feature.general.LoginActivity"
107-->src\main\AndroidManifest.xml:68:13-58
108            android:exported="false" />
108-->src\main\AndroidManifest.xml:69:13-37
109        <activity
109-->src\main\AndroidManifest.xml:70:9-72:40
110            android:name="com.m_learning.feature.general.SignUpActivity"
110-->src\main\AndroidManifest.xml:71:13-59
111            android:exported="false" />
111-->src\main\AndroidManifest.xml:72:13-37
112        <activity
112-->src\main\AndroidManifest.xml:73:9-75:40
113            android:name="com.m_learning.feature.general.ImageFullScreenActivity"
113-->src\main\AndroidManifest.xml:74:13-68
114            android:exported="false" />
114-->src\main\AndroidManifest.xml:75:13-37
115        <activity
115-->src\main\AndroidManifest.xml:76:9-78:40
116            android:name="com.m_learning.feature.Chat.view.ChatActivity"
116-->src\main\AndroidManifest.xml:77:13-59
117            android:exported="false" />
117-->src\main\AndroidManifest.xml:78:13-37
118        <activity android:name="com.tangxiaolv.telegramgallery.GalleryActivity" /> <!-- <activity -->
118-->src\main\AndroidManifest.xml:79:9-83
118-->src\main\AndroidManifest.xml:79:19-80
119        <!-- android:name="io.github.memfis19.annca.internal.ui.camera.Camera1Activity" -->
120        <!-- android:theme="@style/ThemeFullscreen" /> -->
121        <!-- <activity -->
122        <!-- android:name="io.github.memfis19.annca.internal.ui.camera2.Camera2Activity" -->
123        <!-- android:theme="@style/ThemeFullscreen" /> -->
124        <!-- <activity -->
125        <!-- android:name="io.github.memfis19.annca.internal.ui.preview.PreviewActivity" -->
126        <!-- android:theme="@style/ThemeFullscreen" /> -->
127        <meta-data
127-->src\main\AndroidManifest.xml:88:9-90:47
128            android:name="com.google.android.gms.ads.APPLICATION_ID"
128-->src\main\AndroidManifest.xml:89:13-69
129            android:value="@string/adMobId" />
129-->src\main\AndroidManifest.xml:90:13-44
130
131        <provider
131-->src\main\AndroidManifest.xml:92:9-100:20
132            android:name="androidx.core.content.FileProvider"
132-->src\main\AndroidManifest.xml:93:13-62
133            android:authorities="@string/provider"
133-->src\main\AndroidManifest.xml:94:13-51
134            android:exported="false"
134-->src\main\AndroidManifest.xml:95:13-37
135            android:grantUriPermissions="true" >
135-->src\main\AndroidManifest.xml:96:13-47
136            <meta-data
136-->src\main\AndroidManifest.xml:97:13-99:54
137                android:name="android.support.FILE_PROVIDER_PATHS"
137-->src\main\AndroidManifest.xml:98:17-67
138                android:resource="@xml/file_paths" />
138-->src\main\AndroidManifest.xml:99:17-51
139        </provider>
140
141        <service
141-->src\main\AndroidManifest.xml:102:9-109:19
142            android:name="com.m_learning.fcm.FireBaseMessagingService"
142-->src\main\AndroidManifest.xml:103:13-57
143            android:exported="false"
143-->src\main\AndroidManifest.xml:104:13-37
144            android:permission="" >
144-->src\main\AndroidManifest.xml:105:13-34
145            <intent-filter>
145-->src\main\AndroidManifest.xml:106:13-108:29
146                <action android:name="com.google.firebase.MESSAGING_EVENT" />
146-->src\main\AndroidManifest.xml:107:17-78
146-->src\main\AndroidManifest.xml:107:25-75
147            </intent-filter>
148        </service>
149        <!--
150             FirebaseMessagingService performs security checks at runtime,
151             but set to not exported to explicitly avoid allowing another app to call it.
152        -->
153        <service
153-->[com.google.firebase:firebase-messaging:21.0.0] AndroidManifest.xml:28:9-35:19
154            android:name="com.google.firebase.messaging.FirebaseMessagingService"
154-->[com.google.firebase:firebase-messaging:21.0.0] AndroidManifest.xml:29:13-82
155            android:directBootAware="true"
155-->[com.google.firebase:firebase-messaging:21.0.0] AndroidManifest.xml:30:13-43
156            android:exported="false" >
156-->[com.google.firebase:firebase-messaging:21.0.0] AndroidManifest.xml:31:13-37
157            <intent-filter android:priority="-500" >
157-->src\main\AndroidManifest.xml:106:13-108:29
158                <action android:name="com.google.firebase.MESSAGING_EVENT" />
158-->src\main\AndroidManifest.xml:107:17-78
158-->src\main\AndroidManifest.xml:107:25-75
159            </intent-filter>
160        </service>
161        <service
161-->[com.google.firebase:firebase-messaging:21.0.0] AndroidManifest.xml:36:9-42:19
162            android:name="com.google.firebase.components.ComponentDiscoveryService"
162-->[com.google.firebase:firebase-messaging:21.0.0] AndroidManifest.xml:37:13-84
163            android:directBootAware="true"
163-->[com.google.firebase:firebase-common:20.1.1] AndroidManifest.xml:35:13-43
164            android:exported="false" >
164-->[com.google.firebase:firebase-messaging:21.0.0] AndroidManifest.xml:38:13-37
165            <meta-data
165-->[com.google.firebase:firebase-messaging:21.0.0] AndroidManifest.xml:39:13-41:85
166                android:name="com.google.firebase.components:com.google.firebase.messaging.FirebaseMessagingRegistrar"
166-->[com.google.firebase:firebase-messaging:21.0.0] AndroidManifest.xml:40:17-119
167                android:value="com.google.firebase.components.ComponentRegistrar" />
167-->[com.google.firebase:firebase-messaging:21.0.0] AndroidManifest.xml:41:17-82
168            <meta-data
168-->[com.google.firebase:firebase-storage:20.0.1] AndroidManifest.xml:33:13-35:85
169                android:name="com.google.firebase.components:com.google.firebase.storage.StorageRegistrar"
169-->[com.google.firebase:firebase-storage:20.0.1] AndroidManifest.xml:34:17-107
170                android:value="com.google.firebase.components.ComponentRegistrar" />
170-->[com.google.firebase:firebase-storage:20.0.1] AndroidManifest.xml:35:17-82
171            <meta-data
171-->[com.google.firebase:firebase-database:20.0.5] AndroidManifest.xml:32:13-34:85
172                android:name="com.google.firebase.components:com.google.firebase.database.DatabaseRegistrar"
172-->[com.google.firebase:firebase-database:20.0.5] AndroidManifest.xml:33:17-109
173                android:value="com.google.firebase.components.ComponentRegistrar" />
173-->[com.google.firebase:firebase-database:20.0.5] AndroidManifest.xml:34:17-82
174            <meta-data
174-->[com.google.firebase:firebase-auth:21.0.3] AndroidManifest.xml:67:13-69:85
175                android:name="com.google.firebase.components:com.google.firebase.auth.FirebaseAuthRegistrar"
175-->[com.google.firebase:firebase-auth:21.0.3] AndroidManifest.xml:68:17-109
176                android:value="com.google.firebase.components.ComponentRegistrar" />
176-->[com.google.firebase:firebase-auth:21.0.3] AndroidManifest.xml:69:17-82
177            <meta-data
177-->[com.google.firebase:firebase-iid:21.0.0] AndroidManifest.xml:32:13-34:85
178                android:name="com.google.firebase.components:com.google.firebase.iid.Registrar"
178-->[com.google.firebase:firebase-iid:21.0.0] AndroidManifest.xml:33:17-96
179                android:value="com.google.firebase.components.ComponentRegistrar" />
179-->[com.google.firebase:firebase-iid:21.0.0] AndroidManifest.xml:34:17-82
180            <meta-data
180-->[com.google.firebase:firebase-datatransport:17.0.3] AndroidManifest.xml:28:13-30:85
181                android:name="com.google.firebase.components:com.google.firebase.datatransport.TransportRegistrar"
181-->[com.google.firebase:firebase-datatransport:17.0.3] AndroidManifest.xml:29:17-115
182                android:value="com.google.firebase.components.ComponentRegistrar" />
182-->[com.google.firebase:firebase-datatransport:17.0.3] AndroidManifest.xml:30:17-82
183            <meta-data
183-->[com.google.android.gms:play-services-measurement-api:21.0.0] AndroidManifest.xml:31:13-33:85
184                android:name="com.google.firebase.components:com.google.firebase.analytics.connector.internal.AnalyticsConnectorRegistrar"
184-->[com.google.android.gms:play-services-measurement-api:21.0.0] AndroidManifest.xml:32:17-139
185                android:value="com.google.firebase.components.ComponentRegistrar" />
185-->[com.google.android.gms:play-services-measurement-api:21.0.0] AndroidManifest.xml:33:17-82
186            <meta-data
186-->[com.google.firebase:firebase-installations:17.0.1] AndroidManifest.xml:18:13-20:85
187                android:name="com.google.firebase.components:com.google.firebase.installations.FirebaseInstallationsRegistrar"
187-->[com.google.firebase:firebase-installations:17.0.1] AndroidManifest.xml:19:17-127
188                android:value="com.google.firebase.components.ComponentRegistrar" />
188-->[com.google.firebase:firebase-installations:17.0.1] AndroidManifest.xml:20:17-82
189        </service>
190
191        <activity
191-->[com.google.firebase:firebase-auth:21.0.3] AndroidManifest.xml:27:9-44:20
192            android:name="com.google.firebase.auth.internal.GenericIdpActivity"
192-->[com.google.firebase:firebase-auth:21.0.3] AndroidManifest.xml:28:13-80
193            android:excludeFromRecents="true"
193-->[com.google.firebase:firebase-auth:21.0.3] AndroidManifest.xml:29:13-46
194            android:exported="true"
194-->[com.google.firebase:firebase-auth:21.0.3] AndroidManifest.xml:30:13-36
195            android:launchMode="singleTask"
195-->[com.google.firebase:firebase-auth:21.0.3] AndroidManifest.xml:31:13-44
196            android:theme="@android:style/Theme.Translucent.NoTitleBar" >
196-->[com.google.firebase:firebase-auth:21.0.3] AndroidManifest.xml:32:13-72
197            <intent-filter>
197-->[com.google.firebase:firebase-auth:21.0.3] AndroidManifest.xml:33:13-43:29
198                <action android:name="android.intent.action.VIEW" />
198-->[com.google.firebase:firebase-auth:21.0.3] AndroidManifest.xml:34:17-69
198-->[com.google.firebase:firebase-auth:21.0.3] AndroidManifest.xml:34:25-66
199
200                <category android:name="android.intent.category.DEFAULT" />
200-->[com.google.firebase:firebase-auth:21.0.3] AndroidManifest.xml:36:17-76
200-->[com.google.firebase:firebase-auth:21.0.3] AndroidManifest.xml:36:27-73
201                <category android:name="android.intent.category.BROWSABLE" />
201-->[com.google.firebase:firebase-auth:21.0.3] AndroidManifest.xml:37:17-78
201-->[com.google.firebase:firebase-auth:21.0.3] AndroidManifest.xml:37:27-75
202
203                <data
203-->[com.google.firebase:firebase-auth:21.0.3] AndroidManifest.xml:39:17-42:51
204                    android:host="firebase.auth"
204-->[com.google.firebase:firebase-auth:21.0.3] AndroidManifest.xml:40:21-49
205                    android:path="/"
205-->[com.google.firebase:firebase-auth:21.0.3] AndroidManifest.xml:41:21-37
206                    android:scheme="genericidp" />
206-->[com.google.firebase:firebase-auth:21.0.3] AndroidManifest.xml:42:21-48
207            </intent-filter>
208        </activity>
209        <activity
209-->[com.google.firebase:firebase-auth:21.0.3] AndroidManifest.xml:45:9-62:20
210            android:name="com.google.firebase.auth.internal.RecaptchaActivity"
210-->[com.google.firebase:firebase-auth:21.0.3] AndroidManifest.xml:46:13-79
211            android:excludeFromRecents="true"
211-->[com.google.firebase:firebase-auth:21.0.3] AndroidManifest.xml:47:13-46
212            android:exported="true"
212-->[com.google.firebase:firebase-auth:21.0.3] AndroidManifest.xml:48:13-36
213            android:launchMode="singleTask"
213-->[com.google.firebase:firebase-auth:21.0.3] AndroidManifest.xml:49:13-44
214            android:theme="@android:style/Theme.Translucent.NoTitleBar" >
214-->[com.google.firebase:firebase-auth:21.0.3] AndroidManifest.xml:50:13-72
215            <intent-filter>
215-->[com.google.firebase:firebase-auth:21.0.3] AndroidManifest.xml:51:13-61:29
216                <action android:name="android.intent.action.VIEW" />
216-->[com.google.firebase:firebase-auth:21.0.3] AndroidManifest.xml:34:17-69
216-->[com.google.firebase:firebase-auth:21.0.3] AndroidManifest.xml:34:25-66
217
218                <category android:name="android.intent.category.DEFAULT" />
218-->[com.google.firebase:firebase-auth:21.0.3] AndroidManifest.xml:36:17-76
218-->[com.google.firebase:firebase-auth:21.0.3] AndroidManifest.xml:36:27-73
219                <category android:name="android.intent.category.BROWSABLE" />
219-->[com.google.firebase:firebase-auth:21.0.3] AndroidManifest.xml:37:17-78
219-->[com.google.firebase:firebase-auth:21.0.3] AndroidManifest.xml:37:27-75
220
221                <data
221-->[com.google.firebase:firebase-auth:21.0.3] AndroidManifest.xml:39:17-42:51
222                    android:host="firebase.auth"
222-->[com.google.firebase:firebase-auth:21.0.3] AndroidManifest.xml:40:21-49
223                    android:path="/"
223-->[com.google.firebase:firebase-auth:21.0.3] AndroidManifest.xml:41:21-37
224                    android:scheme="recaptcha" />
224-->[com.google.firebase:firebase-auth:21.0.3] AndroidManifest.xml:42:21-48
225            </intent-filter>
226        </activity>
227
228        <receiver
228-->[com.google.firebase:firebase-iid:21.0.0] AndroidManifest.xml:37:9-44:20
229            android:name="com.google.firebase.iid.FirebaseInstanceIdReceiver"
229-->[com.google.firebase:firebase-iid:21.0.0] AndroidManifest.xml:38:13-78
230            android:exported="true"
230-->[com.google.firebase:firebase-iid:21.0.0] AndroidManifest.xml:39:13-36
231            android:permission="com.google.android.c2dm.permission.SEND" >
231-->[com.google.firebase:firebase-iid:21.0.0] AndroidManifest.xml:40:13-73
232            <intent-filter>
232-->[com.google.firebase:firebase-iid:21.0.0] AndroidManifest.xml:41:13-43:29
233                <action android:name="com.google.android.c2dm.intent.RECEIVE" />
233-->[com.google.firebase:firebase-iid:21.0.0] AndroidManifest.xml:42:17-81
233-->[com.google.firebase:firebase-iid:21.0.0] AndroidManifest.xml:42:25-78
234            </intent-filter>
235        </receiver>
236
237        <activity
237-->[com.google.android.gms:play-services-base:18.0.1] AndroidManifest.xml:20:9-22:45
238            android:name="com.google.android.gms.common.api.GoogleApiActivity"
238-->[com.google.android.gms:play-services-base:18.0.1] AndroidManifest.xml:20:19-85
239            android:exported="false"
239-->[com.google.android.gms:play-services-base:18.0.1] AndroidManifest.xml:22:19-43
240            android:theme="@android:style/Theme.Translucent.NoTitleBar" />
240-->[com.google.android.gms:play-services-base:18.0.1] AndroidManifest.xml:21:19-78
241
242        <provider
242-->[com.google.firebase:firebase-common:20.1.1] AndroidManifest.xml:26:9-31:39
243            android:name="com.google.firebase.provider.FirebaseInitProvider"
243-->[com.google.firebase:firebase-common:20.1.1] AndroidManifest.xml:27:13-77
244            android:authorities="com.m_learning.firebaseinitprovider"
244-->[com.google.firebase:firebase-common:20.1.1] AndroidManifest.xml:28:13-72
245            android:directBootAware="true"
245-->[com.google.firebase:firebase-common:20.1.1] AndroidManifest.xml:29:13-43
246            android:exported="false"
246-->[com.google.firebase:firebase-common:20.1.1] AndroidManifest.xml:30:13-37
247            android:initOrder="100" />
247-->[com.google.firebase:firebase-common:20.1.1] AndroidManifest.xml:31:13-36
248
249        <receiver
249-->[com.google.android.gms:play-services-measurement:21.0.0] AndroidManifest.xml:29:9-33:20
250            android:name="com.google.android.gms.measurement.AppMeasurementReceiver"
250-->[com.google.android.gms:play-services-measurement:21.0.0] AndroidManifest.xml:30:13-85
251            android:enabled="true"
251-->[com.google.android.gms:play-services-measurement:21.0.0] AndroidManifest.xml:31:13-35
252            android:exported="false" >
252-->[com.google.android.gms:play-services-measurement:21.0.0] AndroidManifest.xml:32:13-37
253        </receiver>
254
255        <service
255-->[com.google.android.gms:play-services-measurement:21.0.0] AndroidManifest.xml:35:9-38:40
256            android:name="com.google.android.gms.measurement.AppMeasurementService"
256-->[com.google.android.gms:play-services-measurement:21.0.0] AndroidManifest.xml:36:13-84
257            android:enabled="true"
257-->[com.google.android.gms:play-services-measurement:21.0.0] AndroidManifest.xml:37:13-35
258            android:exported="false" />
258-->[com.google.android.gms:play-services-measurement:21.0.0] AndroidManifest.xml:38:13-37
259        <service
259-->[com.google.android.gms:play-services-measurement:21.0.0] AndroidManifest.xml:39:9-43:72
260            android:name="com.google.android.gms.measurement.AppMeasurementJobService"
260-->[com.google.android.gms:play-services-measurement:21.0.0] AndroidManifest.xml:40:13-87
261            android:enabled="true"
261-->[com.google.android.gms:play-services-measurement:21.0.0] AndroidManifest.xml:41:13-35
262            android:exported="false"
262-->[com.google.android.gms:play-services-measurement:21.0.0] AndroidManifest.xml:42:13-37
263            android:permission="android.permission.BIND_JOB_SERVICE" /> <!-- Include the AdActivity and InAppPurchaseActivity configChanges and themes. -->
263-->[com.google.android.gms:play-services-measurement:21.0.0] AndroidManifest.xml:43:13-69
264        <activity
264-->[com.google.android.gms:play-services-ads-lite:20.6.0] AndroidManifest.xml:49:9-53:64
265            android:name="com.google.android.gms.ads.AdActivity"
265-->[com.google.android.gms:play-services-ads-lite:20.6.0] AndroidManifest.xml:50:13-65
266            android:configChanges="keyboard|keyboardHidden|orientation|screenLayout|uiMode|screenSize|smallestScreenSize"
266-->[com.google.android.gms:play-services-ads-lite:20.6.0] AndroidManifest.xml:51:13-122
267            android:exported="false"
267-->[com.google.android.gms:play-services-ads-lite:20.6.0] AndroidManifest.xml:52:13-37
268            android:theme="@android:style/Theme.Translucent" />
268-->[com.google.android.gms:play-services-ads-lite:20.6.0] AndroidManifest.xml:53:13-61
269
270        <provider
270-->[com.google.android.gms:play-services-ads-lite:20.6.0] AndroidManifest.xml:55:9-59:39
271            android:name="com.google.android.gms.ads.MobileAdsInitProvider"
271-->[com.google.android.gms:play-services-ads-lite:20.6.0] AndroidManifest.xml:56:13-76
272            android:authorities="com.m_learning.mobileadsinitprovider"
272-->[com.google.android.gms:play-services-ads-lite:20.6.0] AndroidManifest.xml:57:13-73
273            android:exported="false"
273-->[com.google.android.gms:play-services-ads-lite:20.6.0] AndroidManifest.xml:58:13-37
274            android:initOrder="100" />
274-->[com.google.android.gms:play-services-ads-lite:20.6.0] AndroidManifest.xml:59:13-36
275
276        <service
276-->[com.google.android.gms:play-services-ads-lite:20.6.0] AndroidManifest.xml:61:9-64:40
277            android:name="com.google.android.gms.ads.AdService"
277-->[com.google.android.gms:play-services-ads-lite:20.6.0] AndroidManifest.xml:62:13-64
278            android:enabled="true"
278-->[com.google.android.gms:play-services-ads-lite:20.6.0] AndroidManifest.xml:63:13-35
279            android:exported="false" />
279-->[com.google.android.gms:play-services-ads-lite:20.6.0] AndroidManifest.xml:64:13-37
280
281        <meta-data
281-->[com.google.android.gms:play-services-basement:18.0.0] AndroidManifest.xml:21:9-23:69
282            android:name="com.google.android.gms.version"